<?xml version="1.0" encoding="UTF-8"?>
<!-- Generated by org.testng.reporters.JUnitReportReporter -->
<testsuite hostname="LAPTOP-OOJD2GM0" failures="0" tests="1" name="AutomationProject.EarnleyActivity" time="61.110" errors="0" timestamp="25 Oct 2023 11:41:13 GMT" skipped="0">
  <testcase classname="AutomationProject.EarnleyActivity" name="getLogin" time="61.110"/>
</testsuite> <!-- AutomationProject.EarnleyActivity -->
