<?xml version="1.0" encoding="UTF-8"?>
<!-- Generated by org.testng.reporters.JUnitReportReporter -->
<testsuite hostname="LAPTOP-OOJD2GM0" failures="0" tests="1" name="AutomationProject.EarnkaroLoginPage" time="10.363" errors="0" timestamp="19 Oct 2023 10:35:56 GMT" skipped="0">
  <testcase classname="AutomationProject.EarnkaroLoginPage" name="getLogin" time="10.363"/>
</testsuite> <!-- AutomationProject.EarnkaroLoginPage -->
