<?xml version="1.0" encoding="UTF-8"?>
<!-- Generated by org.testng.reporters.JUnitReportReporter -->
<testsuite hostname="LAPTOP-OOJD2GM0" failures="0" tests="1" name="AutomationProject.EarnkaroLoginPage" time="8.807" errors="0" timestamp="18 Oct 2023 05:31:00 GMT" skipped="0">
  <testcase classname="AutomationProject.EarnkaroLoginPage" name="getLogin" time="8.807"/>
</testsuite> <!-- AutomationProject.EarnkaroLoginPage -->
