<?xml version="1.0" encoding="UTF-8"?>
<!-- Generated by org.testng.reporters.JUnitReportReporter -->
<testsuite hostname="LAPTOP-OOJD2GM0" failures="0" tests="1" name="AutomationProject.EarnkaroLoginPage" time="9.783" errors="0" timestamp="18 Oct 2023 05:32:44 GMT" skipped="0">
  <testcase classname="AutomationProject.EarnkaroLoginPage" name="getLogin" time="9.783"/>
</testsuite> <!-- AutomationProject.EarnkaroLoginPage -->
