<?xml version="1.0" encoding="UTF-8"?>
<!-- Generated by org.testng.reporters.JUnitReportReporter -->
<testsuite hostname="LAPTOP-OOJD2GM0" failures="0" tests="1" name="AutomationProject.EarnkaroLoginPage" time="9.751" errors="0" timestamp="17 Oct 2023 07:41:33 GMT" skipped="0">
  <testcase classname="AutomationProject.EarnkaroLoginPage" name="getLogin" time="9.751"/>
</testsuite> <!-- AutomationProject.EarnkaroLoginPage -->
